INFO:sim:172 - Generating IP...
Resolving generics for 'Dm'...
Applying external generics to 'Dm'...
Delivering associated files for 'Dm'...
Delivering EJava files for 'Dm'...
Generating implementation netlist for 'Dm'...
INFO:sim - Pre-processing HDL files for 'Dm'...
Running synthesis for 'Dm'
Running ngcbuild...
Writing VEO instantiation template for 'Dm'...
Writing Verilog behavioral simulation model for 'Dm'...
WARNING:sim - Overwriting existing file
   F:/sem3/COLab/datamemory/ipcore_dir/tmp/_cg/Dm/doc/blk_mem_gen_v7_3_vinfo.htm
   l with file from view xilinx_documentation
Delivered 1 file into directory F:/sem3/COLab/datamemory/ipcore_dir/tmp/_cg/Dm
Generating ASY schematic symbol...
INFO:sim:949 - Finished generation of ASY schematic symbol.
Generating SYM schematic symbol for 'Dm'...
Generating metadata file...
Generating ISE project file for 'Dm'...
Generating ISE project...
XCO file found: Dm.xco
XMDF file found: Dm_xmdf.tcl
Adding F:/sem3/COLab/datamemory/ipcore_dir/tmp/_cg/Dm.asy -view all -origin_type
imported
Adding F:/sem3/COLab/datamemory/ipcore_dir/tmp/_cg/Dm.ngc -view all -origin_type
created
Checking file "F:/sem3/COLab/datamemory/ipcore_dir/tmp/_cg/Dm.ngc" for project
device match ...
File "F:/sem3/COLab/datamemory/ipcore_dir/tmp/_cg/Dm.ngc" device information
matches project device.
Adding F:/sem3/COLab/datamemory/ipcore_dir/tmp/_cg/Dm.sym -view all -origin_type
imported
Adding F:/sem3/COLab/datamemory/ipcore_dir/tmp/_cg/Dm.v -view all -origin_type
created
INFO:HDLCompiler:1845 - Analyzing Verilog file
   "F:/sem3/COLab/datamemory/ipcore_dir/tmp/_cg/Dm.v" into library work
INFO:ProjectMgmt - Parsing design hierarchy completed successfully.
Adding F:/sem3/COLab/datamemory/ipcore_dir/tmp/_cg/Dm.veo -view all -origin_type
imported
INFO:TclTasksC:2116 - The automatic calculation of top has been turned-off.
   Please set the new top explicitly by running the "project set top" command.
   To re-calculate the new top automatically, set the "Auto Implementation Top"
   property to true.
Top level has been set to "/Dm"
Generating README file...
Generating FLIST file...
INFO:sim:948 - Finished FLIST file generation.
Launching README viewer...
Moving files to output directory...
Finished moving files to output directory
Wrote CGP file for project 'Dm'.
