INFO:sim:172 - Generating IP...
Resolving generics for 'PM'...
Applying external generics to 'PM'...
Delivering associated files for 'PM'...
Delivering EJava files for 'PM'...
Generating implementation netlist for 'PM'...
INFO:sim - Pre-processing HDL files for 'PM'...
Running synthesis for 'PM'
Running ngcbuild...
Writing VEO instantiation template for 'PM'...
Writing Verilog behavioral simulation model for 'PM'...
WARNING:sim - Overwriting existing file
   F:/sem3/COLab/programMemory/ipcore_dir/tmp/_cg/PM/doc/blk_mem_gen_v7_3_vinfo.
   html with file from view xilinx_documentation
Delivered 1 file into directory
F:/sem3/COLab/programMemory/ipcore_dir/tmp/_cg/PM
Generating ASY schematic symbol...
INFO:sim:949 - Finished generation of ASY schematic symbol.
Generating SYM schematic symbol for 'PM'...
Generating metadata file...
Generating ISE project file for 'PM'...
Generating ISE project...
XCO file found: PM.xco
XMDF file found: PM_xmdf.tcl
Adding F:/sem3/COLab/programMemory/ipcore_dir/tmp/_cg/PM.asy -view all
-origin_type imported
Adding F:/sem3/COLab/programMemory/ipcore_dir/tmp/_cg/PM.ngc -view all
-origin_type created
Checking file "F:/sem3/COLab/programMemory/ipcore_dir/tmp/_cg/PM.ngc" for
project device match ...
File "F:/sem3/COLab/programMemory/ipcore_dir/tmp/_cg/PM.ngc" device information
matches project device.
Adding F:/sem3/COLab/programMemory/ipcore_dir/tmp/_cg/PM.sym -view all
-origin_type imported
Adding F:/sem3/COLab/programMemory/ipcore_dir/tmp/_cg/PM.v -view all
-origin_type created
INFO:HDLCompiler:1845 - Analyzing Verilog file
   "F:/sem3/COLab/programMemory/ipcore_dir/tmp/_cg/PM.v" into library work
INFO:ProjectMgmt - Parsing design hierarchy completed successfully.
Adding F:/sem3/COLab/programMemory/ipcore_dir/tmp/_cg/PM.veo -view all
-origin_type imported
INFO:TclTasksC:2116 - The automatic calculation of top has been turned-off.
   Please set the new top explicitly by running the "project set top" command.
   To re-calculate the new top automatically, set the "Auto Implementation Top"
   property to true.
Top level has been set to "/PM"
Generating README file...
Generating FLIST file...
INFO:sim:948 - Finished FLIST file generation.
Launching README viewer...
Moving files to output directory...
Finished moving files to output directory
Wrote CGP file for project 'PM'.
