Command line:
   GCD_tb_isim_beh.exe
     -simmode  gui
     -simrunnum  0
     -socket  51534

Thu Dec 12 23:15:37 2019


 Elaboration Time: 0.046875 sec

 Current Memory Usage: 5159.9 Meg

 Total Signals          : 17
 Total Nets             : 62
 Total Signal Drivers   : 9
 Total Blocks           : 3
 Total Primitive Blocks : 2
 Total Processes        : 13
 Total Traceable Variables  : 26
 Total Scalar Nets and Variables : 271
Total Line Count : 43

 Total Simulation Time: 0.09375 sec

 Current Memory Usage: 5002.61 Meg

Thu Dec 12 23:19:08 2019

