Command line:
   LCM_tb_isim_beh.exe
     -simmode  gui
     -simrunnum  0
     -socket  56065

Fri Dec 13 10:33:17 2019


 Elaboration Time: 0.078125 sec

 Current Memory Usage: 5159.87 Meg

 Total Signals          : 45
 Total Nets             : 241
 Total Signal Drivers   : 25
 Total Blocks           : 8
 Total Primitive Blocks : 5
 Total Processes        : 32
 Total Traceable Variables  : 41
 Total Scalar Nets and Variables : 672
Total Line Count : 85

 Total Simulation Time: 0.125 sec

 Current Memory Usage: 5002.59 Meg

Fri Dec 13 10:34:24 2019

