Command line:
   writeback_tb_isim_beh.exe
     -simmode  gui
     -simrunnum  0
     -socket  53381

Thu Sep 12 13:12:17 2019


 Elaboration Time: 0.03125 sec

 Current Memory Usage: 5159.89 Meg

 Total Signals          : 18
 Total Nets             : 63
 Total Signal Drivers   : 10
 Total Blocks           : 3
 Total Primitive Blocks : 2
 Total Processes        : 15
 Total Traceable Variables  : 22
 Total Scalar Nets and Variables : 177
Total Line Count : 34

 Total Simulation Time: 0.21875 sec

 Current Memory Usage: 4688.03 Meg

Fri Sep 13 04:13:05 2019

